<?xml version="1.0" encoding="UTF-8"?>
<!-- Generated by org.testng.reporters.JUnitReportReporter -->
<testsuite skipped="0" hostname="Thenilavan" name="AdminTest.LHAdminRegression" tests="1" failures="0" timestamp="2021-05-13T17:47:02 IST" time="42.430" errors="0">
  <testcase name="Login" time="42.430" classname="AdminTest.LHAdminRegression"/>
  <system-out/>
</testsuite> <!-- AdminTest.LHAdminRegression -->
